TN:
SF:svelte.config.js
FN:1,(empty-report)
FNF:1
FNH:0
FNDA:0,(empty-report)
DA:1,0
DA:2,0
DA:3,0
DA:4,0
DA:5,0
DA:6,0
DA:7,0
DA:8,0
DA:9,0
DA:10,0
DA:11,0
DA:12,0
DA:13,0
DA:14,0
DA:15,0
DA:16,0
DA:17,0
DA:18,0
LF:18
LH:0
BRDA:1,0,0,0
BRF:1
BRH:0
end_of_record
TN:
SF:src/lib/index.ts
FN:5,getTokens
FN:14,getNested
FN:26,clonedWithPrototype
FN:42,keyed
FN:55,set
FN:66,update
FNF:6
FNH:6
FNDA:43,getTokens
FNDA:31,getNested
FNDA:8,clonedWithPrototype
FNDA:39,keyed
FNDA:11,set
FNDA:7,update
DA:1,1
DA:2,1
DA:3,1
DA:4,1
DA:5,1
DA:6,43
DA:7,43
DA:8,14
DA:9,14
DA:10,43
DA:11,43
DA:12,1
DA:13,1
DA:14,1
DA:15,31
DA:16,31
DA:17,31
DA:18,31
DA:19,8
DA:20,8
DA:21,23
DA:22,23
DA:23,23
DA:24,23
DA:25,1
DA:26,1
DA:27,8
DA:28,8
DA:29,8
DA:30,8
DA:31,1
DA:32,1
DA:33,1
DA:34,1
DA:35,1
DA:36,1
DA:37,1
DA:38,1
DA:39,1
DA:40,1
DA:41,1
DA:42,1
DA:43,39
DA:44,39
DA:45,39
DA:46,39
DA:47,39
DA:48,3
DA:49,3
DA:50,36
DA:51,36
DA:52,36
DA:53,36
DA:54,36
DA:55,36
DA:56,11
DA:57,11
DA:58,4
DA:59,4
DA:60,11
DA:61,11
DA:62,11
DA:63,11
DA:64,11
DA:65,36
DA:66,36
DA:67,7
DA:68,7
DA:69,4
DA:70,4
DA:71,3
DA:72,7
DA:73,7
DA:74,7
DA:75,7
DA:76,7
DA:77,36
DA:78,36
DA:79,36
DA:80,36
DA:81,36
DA:82,36
DA:83,36
DA:84,1
DA:85,1
DA:86,1
DA:87,1
DA:88,1
DA:89,1
DA:90,1
DA:91,1
DA:92,1
DA:93,1
DA:94,1
DA:95,1
DA:96,1
DA:97,1
DA:98,1
DA:99,1
DA:100,1
DA:101,1
DA:102,1
DA:103,1
DA:104,1
DA:105,1
DA:106,1
DA:107,1
LF:107
LH:107
BRDA:5,0,0,43
BRDA:7,1,0,14
BRDA:14,2,0,31
BRDA:18,3,0,8
BRDA:20,4,0,23
BRDA:26,5,0,8
BRDA:42,6,0,39
BRDA:47,7,0,3
BRDA:49,8,0,36
BRDA:47,9,0,49
BRDA:53,10,0,18
BRDA:55,11,0,11
BRDA:56,12,0,11
BRDA:57,13,0,4
BRDA:59,14,0,7
BRDA:60,15,0,1
BRDA:60,16,0,6
BRDA:66,17,0,7
BRDA:67,18,0,7
BRDA:68,19,0,4
BRDA:70,20,0,3
BRDA:72,21,0,1
BRDA:72,22,0,2
BRF:23
BRH:23
end_of_record
